[2018-12-04 08:25:00] log.DEBUG: -> successfully loaded cfg:[{"download-pool-size":"5","videoQualityStrategy":"best","thumbResolution":"high","access":["private","public","unlisted"],"tags":["classical","folk","piano"],"startdate":"2014-01-01","enddate":"2019-01-01","tagCountThreshold":"2","force-override":"true","channelid":"UCSuhUzpdXg9jme6eN6HA_IA","directorySaveStrategy":"bundle","api-key":"AIzaSyCLYc0OBUVZFzdF8kFmv7bqyfIynd-D8L8","video-csv-name":"\/..\/output\/videos.csv","video-csv-delimiter":",","channel-csv-name":"\/..\/output\/channel.csv","channel-csv-delimiter":",","playlist-csv-name":"\/..\/output\/playlist.csv","playlist-csv-delimiter":",","video-meta-mapping":{"id":"id","publishedAt":"snippet.publishedAt","duration":"contentDetails.duration","privacyStatus":"status.privacyStatus","viewCount":"statistics.viewCount","tagCount":"snippet.tags","title":"snippet.title","thumbUrl":"snippet.thumbnails.default.url","commentCount":"statistics.commentCount","likeCount":"statistics.likeCount","dislikeCount":"statistics.dislikeCount","favoriteCount":"statistics.favoriteCount","description":"snippet.description","tags":"snippet.tags","fileName":"fileDetails.fileName","definition":"contentDetails.definition","caption":"contentDetails.caption","licensecontent":"contentDetails.licensedContent"},"playlist-meta-mapping":{"id":"id","publishedAt":"snippet.publishedAt","viewCount":"statistics.viewCount","privacyStatus":"status.privacyStatus","title":"snippet.title","description":"snippet.description","channelTitle":"snippet.channelTitel","thumbUrl":"snippet.thumbnails.default.url"},"channel-meta-mapping":{"id":"id","publishedAt":"snippet.publishedAt","duration":"contentDetails.duration","playlist-uploads":"contentDetails.relatedPlaylists.uploads","playlist-watchHistory":"contentDetails.relatedPlaylists.watchHistory","playlist-watchLater":"contentDetails.relatedPlaylists.watchLater","viewCount":"statistics.viewCount","commentCount":"statistics.commentCount","subscriberCount":"statistics.subscriberCount","hiddenSubscriberCount":"statistics.hiddenSubscriberCount","videoCount":"statistics.videoCount","title":"snippet.title","description":"snippet.description","thumbUrl":"snippet.thumbnails.default.url"}}] [] []
[2018-12-04 08:25:00] log.DEBUG: Found id['olMPeiqoiic'] [] []
[2018-12-04 08:25:00] log.DEBUG: Found id['ctBqW5e16YM'] [] []
[2018-12-04 08:25:00] log.DEBUG: Found id['C2Avpt9FKP0'] [] []
[2018-12-04 08:25:00] log.DEBUG: Found id['iCEDfZgDPS8'] [] []
[2018-12-04 08:25:00] log.DEBUG: Found id['anxdAcilnsM'] [] []
[2018-12-04 08:25:00] log.DEBUG: Found id['olMPeiqoiic'] [] []
[2018-12-04 08:25:00] log.DEBUG: Found id['ctBqW5e16YM'] [] []
[2018-12-04 08:25:00] log.DEBUG: Found id['C2Avpt9FKP0'] [] []
[2018-12-04 08:25:00] log.DEBUG: Found id['iCEDfZgDPS8'] [] []
[2018-12-04 08:25:00] log.DEBUG: Found id['anxdAcilnsM'] [] []
[2018-12-04 08:25:00] log.INFO: --> parsing download items ['5'] Thumbnail Items and ['5'] Video Items [] []
[2018-12-04 08:25:01] log.INFO: --> ['1'] fetched meta data for item with type ['THUMBNAIL_TYPE'] id ['olMPeiqoiic'] [] []
[2018-12-04 08:25:01] log.INFO: --> ['2'] fetched meta data for item with type ['THUMBNAIL_TYPE'] id ['ctBqW5e16YM'] [] []
[2018-12-04 08:25:01] log.INFO: --> ['3'] fetched meta data for item with type ['THUMBNAIL_TYPE'] id ['C2Avpt9FKP0'] [] []
[2018-12-04 08:25:02] log.INFO: --> ['4'] fetched meta data for item with type ['THUMBNAIL_TYPE'] id ['iCEDfZgDPS8'] [] []
[2018-12-04 08:25:02] log.INFO: --> ['5'] fetched meta data for item with type ['THUMBNAIL_TYPE'] id ['anxdAcilnsM'] [] []
[2018-12-04 08:25:03] log.INFO: --> ['6'] fetched meta data for item with type ['VIDEO_TYPE'] id ['olMPeiqoiic'] [] []
[2018-12-04 08:25:03] log.INFO: --> ['7'] fetched meta data for item with type ['VIDEO_TYPE'] id ['ctBqW5e16YM'] [] []
[2018-12-04 08:25:04] log.INFO: --> ['8'] fetched meta data for item with type ['VIDEO_TYPE'] id ['C2Avpt9FKP0'] [] []
[2018-12-04 08:25:04] log.INFO: --> ['9'] fetched meta data for item with type ['VIDEO_TYPE'] id ['iCEDfZgDPS8'] [] []
[2018-12-04 08:25:04] log.INFO: --> ['10'] fetched meta data for item with type ['VIDEO_TYPE'] id ['anxdAcilnsM'] [] []
[2018-12-04 08:25:04] log.INFO: ---> start to fetch thumbnails [] []
[2018-12-04 08:25:04] log.INFO: created dir: ['/home/my5t3ry/codeBase/php/yFetch/services/../output/olMPeiqoiic'] [] []
[2018-12-04 08:25:04] log.INFO: Downloading ['https://i.ytimg.com/vi/olMPeiqoiic/hqdefault.jpg'] -> [] []
[2018-12-04 08:25:04] log.INFO: /home/my5t3ry/codeBase/php/yFetch/services/../output/olMPeiqoiic/olMPeiqoiic_Beethoven__Symphony_No_5_in_C_minor__Op_67_-Vienna_Philharmonic_Orchestra_-_Thielemann.jpg [] []
[2018-12-04 08:25:05] log.INFO: done. [] []
[2018-12-04 08:25:05] log.INFO: created dir: ['/home/my5t3ry/codeBase/php/yFetch/services/../output/ctBqW5e16YM'] [] []
[2018-12-04 08:25:05] log.INFO: Downloading ['https://i.ytimg.com/vi/ctBqW5e16YM/hqdefault.jpg'] -> [] []
[2018-12-04 08:25:05] log.INFO: /home/my5t3ry/codeBase/php/yFetch/services/../output/ctBqW5e16YM/ctBqW5e16YM_Beethoven__Symphony_No_4_in_B_flat_major_-_BBC_Proms_2012__Daniel_Barenboim_.jpg [] []
[2018-12-04 08:25:05] log.INFO: done. [] []
[2018-12-04 08:25:05] log.INFO: created dir: ['/home/my5t3ry/codeBase/php/yFetch/services/../output/C2Avpt9FKP0'] [] []
[2018-12-04 08:25:05] log.INFO: Downloading ['https://i.ytimg.com/vi/C2Avpt9FKP0/hqdefault.jpg'] -> [] []
[2018-12-04 08:25:05] log.INFO: /home/my5t3ry/codeBase/php/yFetch/services/../output/C2Avpt9FKP0/C2Avpt9FKP0_Beethoven_Symphony_No_8_Karajan.jpg [] []
[2018-12-04 08:25:06] log.INFO: done. [] []
[2018-12-04 08:25:06] log.INFO: created dir: ['/home/my5t3ry/codeBase/php/yFetch/services/../output/iCEDfZgDPS8'] [] []
[2018-12-04 08:25:06] log.INFO: Downloading ['https://i.ytimg.com/vi/iCEDfZgDPS8/hqdefault.jpg'] -> [] []
[2018-12-04 08:25:06] log.INFO: /home/my5t3ry/codeBase/php/yFetch/services/../output/iCEDfZgDPS8/iCEDfZgDPS8_Mussorgsky_-_Night_On_Bald_Mountain.jpg [] []
[2018-12-04 08:25:06] log.INFO: done. [] []
[2018-12-04 08:25:06] log.INFO: created dir: ['/home/my5t3ry/codeBase/php/yFetch/services/../output/anxdAcilnsM'] [] []
[2018-12-04 08:25:06] log.INFO: Downloading ['https://i.ytimg.com/vi/anxdAcilnsM/hqdefault.jpg'] -> [] []
[2018-12-04 08:25:06] log.INFO: /home/my5t3ry/codeBase/php/yFetch/services/../output/anxdAcilnsM/anxdAcilnsM_Villa_Lobos__Bachianas_Brasileira_n_5_-_Anna_Moffo.jpg [] []
[2018-12-04 08:25:06] log.INFO: done. [] []
[2018-12-04 08:25:06] log.INFO: ---> start to fetch videos [] []
